{
  "RSpec": {
    "coverage": {
      "/Users/kaifan11/Development/Magma/projects/solidus/solidus_mercadopago/lib/solidus_mercadopago.rb": {
        "lines": [
          null,
          null,
          1,
          1,
          1,
          1
        ]
      },
      "/Users/kaifan11/Development/Magma/projects/solidus/solidus_mercadopago/lib/solidus_mercadopago/engine.rb": {
        "lines": [
          null,
          null,
          1,
          null,
          1,
          1,
          1,
          null,
          1,
          1,
          null,
          null,
          1,
          1,
          null,
          null,
          1,
          1,
          null,
          null,
          null
        ]
      },
      "/Users/kaifan11/Development/Magma/projects/solidus/solidus_mercadopago/app/models/spree/payment_method/mercadopago.rb": {
        "lines": [
          null,
          null,
          1,
          1,
          1,
          1,
          1,
          null,
          1,
          1,
          null,
          null,
          1,
          1,
          null,
          null,
          1,
          0,
          0,
          0,
          0,
          0,
          null,
          null,
          null,
          1,
          1,
          null,
          null,
          1,
          1,
          null,
          null,
          null,
          null,
          1,
          0,
          null,
          null,
          1,
          1,
          null,
          null,
          1,
          1,
          null,
          null,
          null
        ]
      },
      "/Users/kaifan11/Development/Magma/projects/solidus/solidus_mercadopago/app/controllers/spree/mercadopago_controller.rb": {
        "lines": [
          null,
          null,
          1,
          1,
          1,
          null,
          null,
          1,
          0,
          0,
          0,
          null,
          0,
          null,
          0,
          null,
          null,
          null,
          0,
          0,
          null,
          0,
          null,
          null,
          null,
          null,
          1,
          0,
          0,
          0,
          0,
          null,
          null,
          1,
          0,
          0,
          0,
          0,
          null,
          null,
          1,
          2,
          null,
          null,
          2,
          1,
          1,
          null,
          1,
          null,
          null,
          2,
          null,
          null,
          1,
          null,
          1,
          0,
          null,
          null,
          null,
          1,
          0,
          null,
          null,
          null,
          null,
          null,
          null,
          null
        ]
      },
      "/Users/kaifan11/Development/Magma/projects/solidus/solidus_mercadopago/app/models/mercadopago/client.rb": {
        "lines": [
          null,
          null,
          1,
          1,
          1,
          1,
          null,
          1,
          1,
          null,
          null,
          1,
          1,
          1,
          null,
          1,
          1,
          1,
          null,
          1,
          12,
          12,
          12,
          null,
          null,
          1,
          0,
          0,
          0,
          null,
          null,
          null,
          null,
          null,
          null,
          null,
          null,
          null,
          1,
          0,
          null,
          0,
          0,
          null,
          0,
          null,
          null,
          null,
          1,
          null,
          1,
          0,
          0,
          0,
          0,
          null,
          null,
          1,
          0,
          0,
          0,
          null,
          null,
          null
        ]
      },
      "/Users/kaifan11/Development/Magma/projects/solidus/solidus_mercadopago/app/models/mercadopago/client/authentication.rb": {
        "lines": [
          null,
          null,
          1,
          null,
          1,
          1,
          1,
          8,
          7,
          null,
          1,
          1,
          null,
          null,
          1,
          null,
          1,
          8,
          null,
          null,
          null,
          null,
          null,
          null,
          1,
          9,
          null,
          null,
          1,
          9,
          null,
          null,
          1,
          4,
          4,
          null,
          null,
          null
        ]
      },
      "/Users/kaifan11/Development/Magma/projects/solidus/solidus_mercadopago/app/models/mercadopago/client/preferences.rb": {
        "lines": [
          null,
          null,
          1,
          null,
          1,
          1,
          1,
          4,
          3,
          null,
          1,
          1,
          null,
          null,
          1,
          null,
          1,
          4,
          null,
          null,
          null,
          null
        ]
      },
      "/Users/kaifan11/Development/Magma/projects/solidus/solidus_mercadopago/app/models/mercadopago/client/api.rb": {
        "lines": [
          null,
          null,
          1,
          null,
          1,
          1,
          1,
          2,
          2,
          null,
          null,
          1,
          null,
          1,
          0,
          0,
          null,
          null,
          1,
          0,
          0,
          null,
          null,
          1,
          4,
          4,
          4,
          null,
          null,
          1,
          4,
          null,
          null,
          1,
          1,
          null,
          null,
          1,
          0,
          0,
          null,
          null,
          0,
          null,
          null,
          null
        ]
      },
      "/Users/kaifan11/Development/Magma/projects/solidus/solidus_mercadopago/app/models/mercadopago/notification.rb": {
        "lines": [
          null,
          null,
          1,
          1,
          1,
          null,
          1,
          1,
          null,
          null
        ]
      },
      "/Users/kaifan11/Development/Magma/projects/solidus/solidus_mercadopago/app/services/mercadopago/process_notification.rb": {
        "lines": [
          null,
          null,
          null,
          null,
          null,
          null,
          null,
          null,
          null,
          null,
          null,
          1,
          1,
          null,
          null,
          null,
          null,
          null,
          null,
          null,
          null,
          null,
          null,
          null,
          null,
          null,
          1,
          null,
          null,
          null,
          null,
          1,
          null,
          1,
          5,
          null,
          null,
          1,
          null,
          5,
          5,
          5,
          null,
          5,
          4,
          1,
          3,
          1,
          2,
          1,
          null,
          null,
          null,
          4,
          null,
          null,
          null,
          null
        ]
      },
      "/Users/kaifan11/Development/Magma/projects/solidus/solidus_mercadopago/app/models/mercadopago/order_preferences_builder.rb": {
        "lines": [
          null,
          null,
          1,
          1,
          1,
          1,
          1,
          null,
          1,
          5,
          5,
          5,
          5,
          null,
          null,
          1,
          null,
          5,
          null,
          null,
          null,
          null,
          null,
          null,
          1,
          null,
          1,
          5,
          null,
          5,
          5,
          5,
          null,
          5,
          null,
          null,
          1,
          5,
          null,
          0,
          null,
          null,
          null,
          null,
          null,
          null,
          1,
          5,
          null,
          10,
          null,
          null,
          null,
          null,
          null,
          null,
          1,
          5,
          null,
          2,
          null,
          null,
          null,
          null,
          null,
          null,
          null
        ]
      },
      "/Users/kaifan11/Development/Magma/projects/solidus/solidus_mercadopago/app/services/mercadopago/handle_received_notification.rb": {
        "lines": [
          null,
          null,
          1,
          1,
          1,
          0,
          null,
          null,
          null,
          null,
          null,
          null,
          1,
          null,
          0,
          null,
          null,
          null,
          null,
          null
        ]
      }
    },
    "timestamp": 1591572972
  }
}
